  Source.cpp
c:\users\asus\documents\github\from_github\coursework\long_arithmetic\long_arithmetic\arithmetic.h(77): warning C4018: <: несоответствие типов со знаком и без знака
c:\users\asus\documents\github\from_github\coursework\long_arithmetic\long_arithmetic\arithmetic.h(78): warning C4244: =: преобразование "double" в "int", возможна потеря данных
c:\users\asus\documents\github\from_github\coursework\long_arithmetic\long_arithmetic\arithmetic.h(88): warning C4018: <: несоответствие типов со знаком и без знака
c:\users\asus\documents\github\from_github\coursework\long_arithmetic\long_arithmetic\arithmetic.h(124): warning C4018: <: несоответствие типов со знаком и без знака
c:\users\asus\documents\github\from_github\coursework\long_arithmetic\long_arithmetic\arithmetic.h(160): warning C4018: <: несоответствие типов со знаком и без знака
c:\users\asus\documents\github\from_github\coursework\long_arithmetic\long_arithmetic\arithmetic.h(166): warning C4018: <: несоответствие типов со знаком и без знака
c:\users\asus\documents\github\from_github\coursework\long_arithmetic\long_arithmetic\arithmetic.h(197): warning C4018: <: несоответствие типов со знаком и без знака
c:\users\asus\documents\github\from_github\coursework\long_arithmetic\long_arithmetic\arithmetic.h(203): warning C4018: <: несоответствие типов со знаком и без знака
c:\users\asus\documents\github\from_github\coursework\long_arithmetic\long_arithmetic\arithmetic.h(211): warning C4018: <: несоответствие типов со знаком и без знака
c:\users\asus\documents\github\from_github\coursework\long_arithmetic\long_arithmetic\arithmetic.h(234): warning C4018: <: несоответствие типов со знаком и без знака
c:\users\asus\documents\github\from_github\coursework\long_arithmetic\long_arithmetic\arithmetic.h(237): warning C4018: <: несоответствие типов со знаком и без знака
c:\users\asus\documents\github\from_github\coursework\long_arithmetic\long_arithmetic\arithmetic.h(237): warning C4554: "|": проверьте приоритет операторов на ошибки; для уточнения приоритета используйте скобки
c:\users\asus\documents\github\from_github\coursework\long_arithmetic\long_arithmetic\arithmetic.h(252): warning C4018: <: несоответствие типов со знаком и без знака
c:\users\asus\documents\github\from_github\coursework\long_arithmetic\long_arithmetic\arithmetic.h(266): warning C4244: =: преобразование "__int64" в "int", возможна потеря данных
c:\users\asus\documents\github\from_github\coursework\long_arithmetic\long_arithmetic\arithmetic.h(280): warning C4244: =: преобразование "__int64" в "int", возможна потеря данных
c:\users\asus\documents\github\from_github\coursework\long_arithmetic\long_arithmetic\arithmetic.h(298): warning C4018: <: несоответствие типов со знаком и без знака
c:\users\asus\documents\github\from_github\coursework\long_arithmetic\long_arithmetic\source.cpp(74): warning C4101: of: неиспользованная локальная переменная
c:\users\asus\documents\github\from_github\coursework\long_arithmetic\long_arithmetic\source.cpp(74): warning C4101: in: неиспользованная локальная переменная
  long_arithmetic.vcxproj -> C:\Users\Asus\Documents\GitHub\from_github\coursework\long_arithmetic\Debug\long_arithmetic.exe
